<?xml version="1.0" encoding="UTF-8"?>
<!-- Generated by org.testng.reporters.JUnitReportReporter -->
<testsuite hostname="DESKTOP-U6SD37V" failures="0" tests="1" name="handlingDiffrentWebElements.RadioButtons" time="0.082" errors="0" timestamp="2025-04-09T10:36:43 EDT" skipped="0">
  <testcase classname="handlingDiffrentWebElements.RadioButtons" name="radioButton" time="0.082"/>
</testsuite> <!-- handlingDiffrentWebElements.RadioButtons -->
