<?xml version="1.0" encoding="UTF-8"?>
<!-- Generated by org.testng.reporters.JUnitReportReporter -->
<testsuite hostname="DESKTOP-U6SD37V" failures="0" tests="1" name="SeleniumTest.BrowserWindowManagement" time="3.368" errors="0" timestamp="2025-04-08T19:07:54 EDT" skipped="0">
  <testcase classname="SeleniumTest.BrowserWindowManagement" name="browserWindowManagement" time="3.368"/>
</testsuite> <!-- SeleniumTest.BrowserWindowManagement -->
