<?xml version="1.0" encoding="UTF-8"?>
<!-- Generated by org.testng.reporters.JUnitReportReporter -->
<testsuite hostname="DESKTOP-U6SD37V" failures="0" tests="1" name="SeleniumTest.CookiesManagement" time="2.607" errors="0" timestamp="2025-04-08T19:12:51 EDT" skipped="0">
  <testcase classname="SeleniumTest.CookiesManagement" name="cookiesManagement" time="2.607"/>
</testsuite> <!-- SeleniumTest.CookiesManagement -->
