<?xml version="1.0" encoding="UTF-8"?>
<!-- Generated by org.testng.reporters.JUnitReportReporter -->
<testsuite hostname="DESKTOP-U6SD37V" failures="0" tests="1" name="SeleniumTest.LocatingElements" time="3.849" errors="0" timestamp="2025-04-08T19:17:36 EDT" skipped="0">
  <testcase classname="SeleniumTest.LocatingElements" name="webelements" time="3.849"/>
</testsuite> <!-- SeleniumTest.LocatingElements -->
