<?xml version="1.0" encoding="UTF-8"?>
<!-- Generated by org.testng.reporters.JUnitReportReporter -->
<testsuite hostname="DESKTOP-U6SD37V" failures="0" tests="1" name="handlingDiffrentWebElements.TextFileds" time="3.527" errors="0" timestamp="2025-04-08T19:37:54 EDT" skipped="0">
  <testcase classname="handlingDiffrentWebElements.TextFileds" name="TextFilds" time="3.527"/>
</testsuite> <!-- handlingDiffrentWebElements.TextFileds -->
