<?xml version="1.0" encoding="UTF-8"?>
<!-- Generated by org.testng.reporters.JUnitReportReporter -->
<testsuite hostname="DESKTOP-U6SD37V" failures="0" tests="1" name="handlingDiffrentWebElements.Checkboxes" time="0.362" errors="0" timestamp="2025-04-09T09:56:46 EDT" skipped="0">
  <testcase classname="handlingDiffrentWebElements.Checkboxes" name="testAllCheckboxes" time="0.362"/>
</testsuite> <!-- handlingDiffrentWebElements.Checkboxes -->
