<?xml version="1.0" encoding="UTF-8"?>
<!-- Generated by org.testng.reporters.JUnitReportReporter -->
<testsuite hostname="DESKTOP-U6SD37V" failures="0" tests="1" name="firstSeleniumTest.LocatingElements" time="4.063" errors="0" timestamp="2025-04-08T14:24:14 EDT" skipped="0">
  <testcase classname="firstSeleniumTest.LocatingElements" name="main" time="4.063"/>
</testsuite> <!-- firstSeleniumTest.LocatingElements -->
