<?xml version="1.0" encoding="UTF-8"?>
<!-- Generated by org.testng.reporters.JUnitReportReporter -->
<testsuite hostname="DESKTOP-U6SD37V" failures="0" tests="1" name="handlingDiffrentWebElements.Buttons" time="3.614" errors="0" timestamp="2025-04-08T19:47:48 EDT" skipped="0">
  <testcase classname="handlingDiffrentWebElements.Buttons" name="buttons" time="3.614"/>
</testsuite> <!-- handlingDiffrentWebElements.Buttons -->
