<?xml version="1.0" encoding="UTF-8"?>
<!-- Generated by org.testng.reporters.JUnitReportReporter -->
<testsuite hostname="DESKTOP-U6SD37V" failures="0" tests="1" name="firstSeleniumTest.BrowesrOperations" time="6.512" errors="0" timestamp="2025-04-08T19:02:30 EDT" skipped="0">
  <testcase classname="firstSeleniumTest.BrowesrOperations" name="browserOperations" time="6.512"/>
</testsuite> <!-- firstSeleniumTest.BrowesrOperations -->
