<?xml version="1.0" encoding="UTF-8"?>
<!-- Generated by org.testng.reporters.JUnitReportReporter -->
<testsuite hostname="DESKTOP-U6SD37V" failures="0" tests="1" name="handlingDiffrentWebElements.DropdownMenu" time="0.939" errors="0" timestamp="2025-04-09T16:47:35 EDT" skipped="0">
  <testcase classname="handlingDiffrentWebElements.DropdownMenu" name="dropdown" time="0.939"/>
</testsuite> <!-- handlingDiffrentWebElements.DropdownMenu -->
