<?xml version="1.0" encoding="UTF-8"?>
<!-- Generated by org.testng.reporters.JUnitReportReporter -->
<testsuite hostname="DESKTOP-U6SD37V" failures="0" tests="1" name="firstSeleniumTest.RealativeLocator" time="2.854" errors="0" timestamp="2025-04-08T14:40:00 EDT" skipped="0">
  <testcase classname="firstSeleniumTest.RealativeLocator" name="webListelements" time="2.854"/>
</testsuite> <!-- firstSeleniumTest.RealativeLocator -->
