<?xml version="1.0" encoding="UTF-8"?>
<!-- Generated by org.testng.reporters.JUnitReportReporter -->
<testsuite hostname="DESKTOP-U6SD37V" failures="0" tests="1" name="handlingDiffrentWebElements.CheckboxesandRadioButtons" time="0.158" errors="0" timestamp="2025-04-08T20:34:25 EDT" skipped="0">
  <testcase classname="handlingDiffrentWebElements.CheckboxesandRadioButtons" name="testCheckboxByIndex" time="0.158"/>
</testsuite> <!-- handlingDiffrentWebElements.CheckboxesandRadioButtons -->
