<?xml version="1.0" encoding="UTF-8"?>
<!-- Generated by org.testng.reporters.JUnitReportReporter -->
<testsuite hostname="DESKTOP-U6SD37V" failures="0" tests="1" name="firstSeleniumTest.BrowserWindowManagement" time="3.504" errors="0" timestamp="2025-04-08T19:05:35 EDT" skipped="0">
  <testcase classname="firstSeleniumTest.BrowserWindowManagement" name="browserWindowManagement" time="3.504"/>
</testsuite> <!-- firstSeleniumTest.BrowserWindowManagement -->
