<?xml version="1.0" encoding="UTF-8"?>
<!-- Generated by org.testng.reporters.JUnitReportReporter -->
<testsuite hostname="DESKTOP-U6SD37V" failures="0" tests="1" name="waitsandSynchronization.CustomWaitConditions" time="0.013" errors="0" timestamp="2025-04-09T13:45:45 EDT" skipped="0">
  <testcase classname="waitsandSynchronization.CustomWaitConditions" name="testWithJQueryWait" time="0.013"/>
</testsuite> <!-- waitsandSynchronization.CustomWaitConditions -->
