<?xml version="1.0" encoding="UTF-8"?>
<!-- Generated by org.testng.reporters.JUnitReportReporter -->
<testsuite hostname="DESKTOP-U6SD37V" failures="0" tests="1" name="firstSeleniumTest.LocatingListElements" time="3.628" errors="0" timestamp="2025-04-08T14:32:30 EDT" skipped="0">
  <testcase classname="firstSeleniumTest.LocatingListElements" name="webListelements" time="3.628"/>
</testsuite> <!-- firstSeleniumTest.LocatingListElements -->
